# JRE version: OpenJDK Runtime Environment Microsoft-8035246 (17.0.8+7) (build 17.0.8+7-LTS)
# Java VM: OpenJDK 64-Bit Server VM Microsoft-8035246 (17.0.8+7-LTS, mixed mode, sharing, tiered, compressed oops, compressed class ptrs, g1 gc, windows-amd64)
GC Precious Log:
 CPUs: 8 total, 8 available
 Memory: 16122M
 Large Page Support: Disabled
 NUMA Support: Disabled
 Compressed Oops: Enabled (32-bit)
 Heap Region Size: 1M
 Heap Min Capacity: 8M
 Heap Initial Capacity: 252M
 Heap Max Capacity: 2G
 Pre-touch: Disabled
 Parallel Workers: 8
 Concurrent Workers: 2
 Concurrent Refinement Workers: 8
 Periodic GC: Disabled
Heap:
 garbage-first heap   total 293888K, used 227629K [0x0000000080000000, 0x0000000100000000)
  region size 1024K, 40 young (40960K), 8 survivors (8192K)
 Metaspace       used 105822K, committed 107008K, reserved 557056K
  class space    used 14769K, committed 15360K, reserved 425984K
GC Heap History (20 events):
Event: 25.783 GC heap before
{Heap before GC invocations=46 (full 0):
 garbage-first heap   total 293888K, used 210435K [0x0000000080000000, 0x0000000100000000)
  region size 1024K, 115 young (117760K), 3 survivors (3072K)
 Metaspace       used 88639K, committed 89408K, reserved 557056K
  class space    used 12612K, committed 12992K, reserved 425984K
}
Event: 25.791 GC heap after
{Heap after GC invocations=47 (full 0):
 garbage-first heap   total 293888K, used 101003K [0x0000000080000000, 0x0000000100000000)
  region size 1024K, 8 young (8192K), 8 survivors (8192K)
 Metaspace       used 88639K, committed 89408K, reserved 557056K
  class space    used 12612K, committed 12992K, reserved 425984K
}
Event: 27.242 GC heap before
{Heap before GC invocations=47 (full 0):
 garbage-first heap   total 293888K, used 218763K [0x0000000080000000, 0x0000000100000000)
  region size 1024K, 122 young (124928K), 8 survivors (8192K)
 Metaspace       used 94303K, committed 95168K, reserved 557056K
  class space    used 13351K, committed 13760K, reserved 425984K
}
Event: 27.255 GC heap after
{Heap after GC invocations=48 (full 0):
 garbage-first heap   total 293888K, used 117081K [0x0000000080000000, 0x0000000100000000)
  region size 1024K, 16 young (16384K), 16 survivors (16384K)
 Metaspace       used 94303K, committed 95168K, reserved 557056K
  class space    used 13351K, committed 13760K, reserved 425984K
}
Event: 28.572 GC heap before
{Heap before GC invocations=48 (full 0):
 garbage-first heap   total 293888K, used 227673K [0x0000000080000000, 0x0000000100000000)
  region size 1024K, 118 young (120832K), 16 survivors (16384K)
 Metaspace       used 95792K, committed 96768K, reserved 557056K
  class space    used 13506K, committed 13952K, reserved 425984K
}
Event: 28.592 GC heap after
{Heap after GC invocations=49 (full 0):
 garbage-first heap   total 293888K, used 144332K [0x0000000080000000, 0x0000000100000000)
  region size 1024K, 15 young (15360K), 15 survivors (15360K)
 Metaspace       used 95792K, committed 96768K, reserved 557056K
  class space    used 13506K, committed 13952K, reserved 425984K
}
Event: 29.934 GC heap before
{Heap before GC invocations=49 (full 0):
 garbage-first heap   total 293888K, used 225228K [0x0000000080000000, 0x0000000100000000)
  region size 1024K, 94 young (96256K), 15 survivors (15360K)
 Metaspace       used 97714K, committed 98816K, reserved 557056K
  class space    used 13713K, committed 14208K, reserved 425984K
}
Event: 29.947 GC heap after
{Heap after GC invocations=50 (full 0):
 garbage-first heap   total 293888K, used 159744K [0x0000000080000000, 0x0000000100000000)
  region size 1024K, 12 young (12288K), 12 survivors (12288K)
 Metaspace       used 97714K, committed 98816K, reserved 557056K
  class space    used 13713K, committed 14208K, reserved 425984K
}
Event: 30.809 GC heap before
{Heap before GC invocations=50 (full 0):
 garbage-first heap   total 293888K, used 230400K [0x0000000080000000, 0x0000000100000000)
  region size 1024K, 80 young (81920K), 12 survivors (12288K)
 Metaspace       used 100995K, committed 102080K, reserved 557056K
  class space    used 14208K, committed 14720K, reserved 425984K
}
Event: 30.825 GC heap after
{Heap after GC invocations=51 (full 0):
 garbage-first heap   total 293888K, used 170107K [0x0000000080000000, 0x0000000100000000)
  region size 1024K, 9 young (9216K), 9 survivors (9216K)
 Metaspace       used 100995K, committed 102080K, reserved 557056K
  class space    used 14208K, committed 14720K, reserved 425984K
}
Event: 31.754 GC heap before
{Heap before GC invocations=51 (full 0):
 garbage-first heap   total 293888K, used 233595K [0x0000000080000000, 0x0000000100000000)
  region size 1024K, 71 young (72704K), 9 survivors (9216K)
 Metaspace       used 104081K, committed 105216K, reserved 557056K
  class space    used 14580K, committed 15104K, reserved 425984K
}
Event: 31.770 GC heap after
{Heap after GC invocations=52 (full 0):
 garbage-first heap   total 293888K, used 177219K [0x0000000080000000, 0x0000000100000000)
  region size 1024K, 8 young (8192K), 8 survivors (8192K)
 Metaspace       used 104081K, committed 105216K, reserved 557056K
  class space    used 14580K, committed 15104K, reserved 425984K
}
Event: 32.475 GC heap before
{Heap before GC invocations=52 (full 0):
 garbage-first heap   total 293888K, used 237635K [0x0000000080000000, 0x0000000100000000)
  region size 1024K, 67 young (68608K), 8 survivors (8192K)
 Metaspace       used 104786K, committed 105920K, reserved 557056K
  class space    used 14637K, committed 15168K, reserved 425984K
}
Event: 32.486 GC heap after
{Heap after GC invocations=53 (full 0):
 garbage-first heap   total 293888K, used 183495K [0x0000000080000000, 0x0000000100000000)
  region size 1024K, 7 young (7168K), 7 survivors (7168K)
 Metaspace       used 104786K, committed 105920K, reserved 557056K
  class space    used 14637K, committed 15168K, reserved 425984K
}
Event: 32.958 GC heap before
{Heap before GC invocations=53 (full 0):
 garbage-first heap   total 293888K, used 239815K [0x0000000080000000, 0x0000000100000000)
  region size 1024K, 63 young (64512K), 7 survivors (7168K)
 Metaspace       used 105496K, committed 106688K, reserved 557056K
  class space    used 14731K, committed 15296K, reserved 425984K
}
Event: 32.969 GC heap after
{Heap after GC invocations=54 (full 0):
 garbage-first heap   total 293888K, used 188982K [0x0000000080000000, 0x0000000100000000)
  region size 1024K, 6 young (6144K), 6 survivors (6144K)
 Metaspace       used 105496K, committed 106688K, reserved 557056K
  class space    used 14731K, committed 15296K, reserved 425984K
}
Event: 33.371 GC heap before
{Heap before GC invocations=54 (full 0):
 garbage-first heap   total 293888K, used 243254K [0x0000000080000000, 0x0000000100000000)
  region size 1024K, 60 young (61440K), 6 survivors (6144K)
 Metaspace       used 105807K, committed 107008K, reserved 557056K
  class space    used 14769K, committed 15360K, reserved 425984K
}
Event: 33.380 GC heap after
{Heap after GC invocations=55 (full 0):
 garbage-first heap   total 293888K, used 192421K [0x0000000080000000, 0x0000000100000000)
  region size 1024K, 4 young (4096K), 4 survivors (4096K)
 Metaspace       used 105807K, committed 107008K, reserved 557056K
  class space    used 14769K, committed 15360K, reserved 425984K
}
Event: 33.921 GC heap before
{Heap before GC invocations=55 (full 0):
 garbage-first heap   total 293888K, used 245669K [0x0000000080000000, 0x0000000100000000)
  region size 1024K, 57 young (58368K), 4 survivors (4096K)
 Metaspace       used 105817K, committed 107008K, reserved 557056K
  class space    used 14769K, committed 15360K, reserved 425984K
}
Event: 33.928 GC heap after
{Heap after GC invocations=56 (full 0):
 garbage-first heap   total 293888K, used 195885K [0x0000000080000000, 0x0000000100000000)
  region size 1024K, 8 young (8192K), 8 survivors (8192K)
 Metaspace       used 105817K, committed 107008K, reserved 557056K
  class space    used 14769K, committed 15360K, reserved 425984K
}

