# JRE version: OpenJDK Runtime Environment Microsoft-8035246 (17.0.8+7) (build 17.0.8+7-LTS)
# Java VM: OpenJDK 64-Bit Server VM Microsoft-8035246 (17.0.8+7-LTS, mixed mode, sharing, tiered, compressed oops, compressed class ptrs, g1 gc, windows-amd64)
GC Precious Log:
 CPUs: 8 total, 8 available
 Memory: 16122M
 Large Page Support: Disabled
 NUMA Support: Disabled
 Compressed Oops: Enabled (32-bit)
 Heap Region Size: 1M
 Heap Min Capacity: 8M
 Heap Initial Capacity: 252M
 Heap Max Capacity: 2G
 Pre-touch: Disabled
 Parallel Workers: 8
 Concurrent Workers: 2
 Concurrent Refinement Workers: 8
 Periodic GC: Disabled
Heap:
 garbage-first heap   total 313344K, used 243111K [0x0000000080000000, 0x0000000100000000)
  region size 1024K, 55 young (56320K), 9 survivors (9216K)
 Metaspace       used 105879K, committed 107008K, reserved 557056K
  class space    used 14783K, committed 15360K, reserved 425984K
GC Heap History (20 events):
Event: 19.794 GC heap before
{Heap before GC invocations=40 (full 0):
 garbage-first heap   total 214016K, used 130021K [0x0000000080000000, 0x0000000100000000)
  region size 1024K, 10 young (10240K), 3 survivors (3072K)
 Metaspace       used 94798K, committed 95744K, reserved 557056K
  class space    used 13377K, committed 13824K, reserved 425984K
}
Event: 19.797 GC heap after
{Heap after GC invocations=41 (full 0):
 garbage-first heap   total 214016K, used 125952K [0x0000000080000000, 0x0000000100000000)
  region size 1024K, 2 young (2048K), 2 survivors (2048K)
 Metaspace       used 94798K, committed 95744K, reserved 557056K
  class space    used 13377K, committed 13824K, reserved 425984K
}
Event: 20.313 GC heap before
{Heap before GC invocations=41 (full 0):
 garbage-first heap   total 214016K, used 175104K [0x0000000080000000, 0x0000000100000000)
  region size 1024K, 48 young (49152K), 2 survivors (2048K)
 Metaspace       used 95458K, committed 96384K, reserved 557056K
  class space    used 13475K, committed 13952K, reserved 425984K
}
Event: 20.320 GC heap after
{Heap after GC invocations=42 (full 0):
 garbage-first heap   total 214016K, used 139264K [0x0000000080000000, 0x0000000100000000)
  region size 1024K, 6 young (6144K), 6 survivors (6144K)
 Metaspace       used 95458K, committed 96384K, reserved 557056K
  class space    used 13475K, committed 13952K, reserved 425984K
}
Event: 20.688 GC heap before
{Heap before GC invocations=42 (full 0):
 garbage-first heap   total 214016K, used 178176K [0x0000000080000000, 0x0000000100000000)
  region size 1024K, 42 young (43008K), 6 survivors (6144K)
 Metaspace       used 95799K, committed 96832K, reserved 557056K
  class space    used 13513K, committed 14016K, reserved 425984K
}
Event: 20.694 GC heap after
{Heap after GC invocations=43 (full 0):
 garbage-first heap   total 214016K, used 149358K [0x0000000080000000, 0x0000000100000000)
  region size 1024K, 6 young (6144K), 6 survivors (6144K)
 Metaspace       used 95799K, committed 96832K, reserved 557056K
  class space    used 13513K, committed 14016K, reserved 425984K
}
Event: 21.054 GC heap before
{Heap before GC invocations=43 (full 0):
 garbage-first heap   total 214016K, used 178030K [0x0000000080000000, 0x0000000100000000)
  region size 1024K, 34 young (34816K), 6 survivors (6144K)
 Metaspace       used 96811K, committed 97856K, reserved 557056K
  class space    used 13638K, committed 14144K, reserved 425984K
}
Event: 21.062 GC heap after
{Heap after GC invocations=44 (full 0):
 garbage-first heap   total 313344K, used 157437K [0x0000000080000000, 0x0000000100000000)
  region size 1024K, 5 young (5120K), 5 survivors (5120K)
 Metaspace       used 96811K, committed 97856K, reserved 557056K
  class space    used 13638K, committed 14144K, reserved 425984K
}
Event: 21.880 GC heap before
{Heap before GC invocations=44 (full 0):
 garbage-first heap   total 313344K, used 236285K [0x0000000080000000, 0x0000000100000000)
  region size 1024K, 81 young (82944K), 5 survivors (5120K)
 Metaspace       used 98918K, committed 99968K, reserved 557056K
  class space    used 13875K, committed 14400K, reserved 425984K
}
Event: 21.893 GC heap after
{Heap after GC invocations=45 (full 0):
 garbage-first heap   total 313344K, used 169575K [0x0000000080000000, 0x0000000100000000)
  region size 1024K, 11 young (11264K), 11 survivors (11264K)
 Metaspace       used 98918K, committed 99968K, reserved 557056K
  class space    used 13875K, committed 14400K, reserved 425984K
}
Event: 22.843 GC heap before
{Heap before GC invocations=45 (full 0):
 garbage-first heap   total 313344K, used 242279K [0x0000000080000000, 0x0000000100000000)
  region size 1024K, 82 young (83968K), 11 survivors (11264K)
 Metaspace       used 103424K, committed 104512K, reserved 557056K
  class space    used 14502K, committed 15040K, reserved 425984K
}
Event: 22.855 GC heap after
{Heap after GC invocations=46 (full 0):
 garbage-first heap   total 313344K, used 177152K [0x0000000080000000, 0x0000000100000000)
  region size 1024K, 7 young (7168K), 7 survivors (7168K)
 Metaspace       used 103424K, committed 104512K, reserved 557056K
  class space    used 14502K, committed 15040K, reserved 425984K
}
Event: 23.586 GC heap before
{Heap before GC invocations=46 (full 0):
 garbage-first heap   total 313344K, used 247808K [0x0000000080000000, 0x0000000100000000)
  region size 1024K, 76 young (77824K), 7 survivors (7168K)
 Metaspace       used 104645K, committed 105728K, reserved 557056K
  class space    used 14634K, committed 15168K, reserved 425984K
}
Event: 23.600 GC heap after
{Heap after GC invocations=47 (full 0):
 garbage-first heap   total 313344K, used 183954K [0x0000000080000000, 0x0000000100000000)
  region size 1024K, 7 young (7168K), 7 survivors (7168K)
 Metaspace       used 104645K, committed 105728K, reserved 557056K
  class space    used 14634K, committed 15168K, reserved 425984K
}
Event: 24.082 GC heap before
{Heap before GC invocations=47 (full 0):
 garbage-first heap   total 313344K, used 251538K [0x0000000080000000, 0x0000000100000000)
  region size 1024K, 73 young (74752K), 7 survivors (7168K)
 Metaspace       used 105420K, committed 106560K, reserved 557056K
  class space    used 14733K, committed 15296K, reserved 425984K
}
Event: 24.092 GC heap after
{Heap after GC invocations=48 (full 0):
 garbage-first heap   total 313344K, used 190067K [0x0000000080000000, 0x0000000100000000)
  region size 1024K, 6 young (6144K), 6 survivors (6144K)
 Metaspace       used 105420K, committed 106560K, reserved 557056K
  class space    used 14733K, committed 15296K, reserved 425984K
}
Event: 24.441 GC heap before
{Heap before GC invocations=48 (full 0):
 garbage-first heap   total 313344K, used 254579K [0x0000000080000000, 0x0000000100000000)
  region size 1024K, 70 young (71680K), 6 survivors (6144K)
 Metaspace       used 105704K, committed 106816K, reserved 557056K
  class space    used 14771K, committed 15296K, reserved 425984K
}
Event: 24.450 GC heap after
{Heap after GC invocations=49 (full 0):
 garbage-first heap   total 313344K, used 194545K [0x0000000080000000, 0x0000000100000000)
  region size 1024K, 5 young (5120K), 5 survivors (5120K)
 Metaspace       used 105704K, committed 106816K, reserved 557056K
  class space    used 14771K, committed 15296K, reserved 425984K
}
Event: 24.900 GC heap before
{Heap before GC invocations=49 (full 0):
 garbage-first heap   total 313344K, used 259057K [0x0000000080000000, 0x0000000100000000)
  region size 1024K, 68 young (69632K), 5 survivors (5120K)
 Metaspace       used 105709K, committed 106816K, reserved 557056K
  class space    used 14771K, committed 15296K, reserved 425984K
}
Event: 24.906 GC heap after
{Heap after GC invocations=50 (full 0):
 garbage-first heap   total 313344K, used 198055K [0x0000000080000000, 0x0000000100000000)
  region size 1024K, 9 young (9216K), 9 survivors (9216K)
 Metaspace       used 105709K, committed 106816K, reserved 557056K
  class space    used 14771K, committed 15296K, reserved 425984K
}

